<?xml version="1.0" encoding="UTF-8"?>
<testng-results ignored="0" total="1" passed="1" failed="0" skipped="0">
  <reporter-output>
  </reporter-output>
  <suite started-at="2022-08-02T07:55:47Z" name="Default suite" finished-at="2022-08-02T07:55:47Z" duration-ms="63">
    <groups>
    </groups>
    <test started-at="2022-08-02T07:55:47Z" name="Default test" finished-at="2022-08-02T07:55:47Z" duration-ms="63">
      <class name="Facebook.FaceBook">
        <test-method signature="facebook()[pri:0, instance:Facebook.FaceBook@332729ad]" started-at="2022-08-02T07:55:47Z" name="facebook" finished-at="2022-08-02T07:55:47Z" duration-ms="16" status="PASS">
          <reporter-output>
          </reporter-output>
        </test-method> <!-- facebook -->
      </class> <!-- Facebook.FaceBook -->
    </test> <!-- Default test -->
  </suite> <!-- Default suite -->
</testng-results>
